<?xml version="1.0" encoding="UTF-8"?>
<testng-results ignored="0" total="1" passed="1" failed="0" skipped="0">
  <reporter-output>
  </reporter-output>
  <suite started-at="2024-04-19T01:36:47 IST" name="Default suite" finished-at="2024-04-19T01:37:03 IST" duration-ms="15879">
    <groups>
      <group name="Sanity">
        <method signature="E2E_Tc.e2e_test()[pri:0, instance:TestCases.E2E_Tc@20f5239f]" name="e2e_test" class="TestCases.E2E_Tc"/>
      </group> <!-- Sanity -->
    </groups>
    <test started-at="2024-04-19T01:36:47 IST" name="Default test" finished-at="2024-04-19T01:37:03 IST" duration-ms="15879">
      <class name="TestCases.E2E_Tc">
        <test-method signature="e2e_test()[pri:0, instance:TestCases.E2E_Tc@20f5239f]" started-at="2024-04-19T01:36:47 IST" name="e2e_test" finished-at="2024-04-19T01:37:03 IST" duration-ms="15856" status="PASS">
          <reporter-output>
          </reporter-output>
        </test-method> <!-- e2e_test -->
      </class> <!-- TestCases.E2E_Tc -->
    </test> <!-- Default test -->
  </suite> <!-- Default suite -->
</testng-results>
