<?xml version="1.0" encoding="UTF-8"?>
<!-- Generated by org.testng.reporters.JUnitXMLReporter -->
<testsuite ignored="0" hostname="Tom" failures="0" tests="3" name="DatDriven Test" time="52.892" errors="0" timestamp="2024-04-18T22:08:26 IST">
  <testcase classname="TestCases.DataDriven_TC" name="confirmation_tc" time="17.813"/>
  <testcase classname="TestCases.DataDriven_TC" name="confirmation_tc" time="19.048"/>
  <testcase classname="TestCases.DataDriven_TC" name="orderDisplayed" time="2.987"/>
</testsuite> <!-- DatDriven Test -->
